<?xml version="1.0" encoding="UTF-8" ?>
<testsuite errors="0" failures="0" hostname="Veldin-Laptop" name="End_assignment.DoublyLinkedListTest" skipped="0" tests="16" time="0.435" timestamp="2018-04-14T10:57:45">
  <properties>
    <property name="java.vendor" value="Oracle Corporation" />
    <property name="sun.java.launcher" value="SUN_STANDARD" />
    <property name="sun.management.compiler" value="HotSpot 64-Bit Tiered Compilers" />
    <property name="maven.build.srcDir.0" value="src/main/java" />
    <property name="os.name" value="Windows 8" />
    <property name="sun.desktop" value="windows" />
    <property name="java.vm.specification.vendor" value="Oracle Corporation" />
    <property name="ant.home" value="C:\Users\Veldin\.p2\pool\plugins\org.apache.ant_1.10.1.v20170504-0840" />
    <property name="java.runtime.version" value="9.0.4+11" />
    <property name="maven.build.resourceDir.0" value="src/main/resources" />
    <property name="project.build.sourceEncoding" value="UTF-8" />
    <property name="user.name" value="Veldin" />
    <property name="maven.build.outputDir" value="target/classes" />
    <property name="maven.repo.local" value="C:\Users\Veldin/.m2/repository" />
    <property name="maven.build.finalName" value="End_assigment-1.0.0" />
    <property name="maven.build.testDir.0" value="src/test/java" />
    <property name="user.language" value="en" />
    <property name="sun.boot.library.path" value="C:\Program Files\Java\jdk-9.0.4\bin" />
    <property name="ant.project.default-target" value="package" />
    <property name="maven.reporting.outputDirectory" value="target/site" />
    <property name="ant.project.name" value="End_assigment" />
    <property name="java.vm.compressedOopsMode" value="32-bit" />
    <property name="java.version" value="9.0.4" />
    <property name="user.timezone" value="" />
    <property name="sun.arch.data.model" value="64" />
    <property name="sun.cpu.isalist" value="amd64" />
    <property name="sun.jnu.encoding" value="Cp1252" />
    <property name="file.encoding.pkg" value="sun.io" />
    <property name="file.separator" value="\" />
    <property name="java.specification.name" value="Java Platform API Specification" />
    <property name="java.class.version" value="53.0" />
    <property name="user.country" value="GB" />
    <property name="java.home" value="C:\Program Files\Java\jdk-9.0.4" />
    <property name="java.vm.info" value="mixed mode" />
    <property name="ant.file" value="C:\Users\Veldin\Documents\GitHub\AD-RE\End_assignment\build.xml" />
    <property name="os.version" value="6.2" />
    <property name="maven.build.testOutputDir" value="target/test-classes" />
    <property name="ant.file.End_assigment" value="C:\Users\Veldin\Documents\GitHub\AD-RE\End_assignment\build.xml" />
    <property name="path.separator" value=";" />
    <property name="java.vm.version" value="9.0.4+11" />
    <property name="maven.build.dir" value="target" />
    <property name="maven.test.reports" value="target/test-reports" />
    <property name="user.variant" value="" />
    <property name="ant.library.dir" value="C:\Users\Veldin\.p2\pool\plugins\org.apache.ant_1.10.1.v20170504-0840\lib" />
    <property name="java.awt.printerjob" value="sun.awt.windows.WPrinterJob" />
    <property name="sun.io.unicode.encoding" value="UnicodeLittle" />
    <property name="awt.toolkit" value="sun.awt.windows.WToolkit" />
    <property name="user.script" value="" />
    <property name="project.build.outputDirectory" value="target/classes" />
    <property name="user.home" value="C:\Users\Veldin" />
    <property name="java.specification.vendor" value="Oracle Corporation" />
    <property name="java.library.path" value="C:\Program Files\Java\jdk-9.0.4\bin;C:\Windows\Sun\Java\bin;C:\Windows\system32;C:\Windows;C:\ProgramData\Oracle\Java\javapath;C:\Program Files (x86)\NVIDIA Corporation\PhysX\Common;C:\Program Files (x86)\Intel\iCLS Client\;C:\Program Files\Intel\iCLS Client\;C:\Windows\system32;C:\Windows;C:\Windows\System32\Wbem;C:\Windows\System32\WindowsPowerShell\v1.0\;C:\Program Files (x86)\Windows Live\Shared;C:\Program Files\Intel\Intel(R) Management Engine Components\DAL;C:\Program Files\Intel\Intel(R) Management Engine Components\IPT;C:\Program Files (x86)\Intel\Intel(R) Management Engine Components\DAL;C:\Program Files (x86)\Intel\Intel(R) Management Engine Components\IPT;C:\Program Files (x86)\Intel\OpenCL SDK\2.0\bin\x86;C:\Program Files (x86)\Intel\OpenCL SDK\2.0\bin\x64;C:\Program Files (x86)\Windows Kits\8.1\Windows Performance Toolkit\;C:\Program Files\Microsoft SQL Server\110\Tools\Binn\;C:\Program Files (x86)\Microsoft SQL Server\110\Tools\Binn\;C:\Program Files\Microsoft SQL Server\110\DTS\Binn\;C:\Program Files (x86)\Microsoft SQL Server\100\Tools\Binn\VSShell\Common7\IDE\;C:\Program Files (x86)\Microsoft SQL Server\100\Tools\Binn\;C:\Program Files (x86)\Microsoft SQL Server\100\DTS\Binn\;C:\Program Files (x86)\GtkSharp\2.12\bin;C:\Program Files\Microsoft SQL Server\130\Tools\Binn\;C:\Users\Veldin\AppData\Local\GitHubDesktop\bin;." />
    <property name="java.vendor.url" value="http://java.oracle.com/" />
    <property name="maven.settings.offline" value="false" />
    <property name="ant.file.type.End_assigment" value="file" />
    <property name="java.vm.vendor" value="Oracle Corporation" />
    <property name="maven.settings.interactiveMode" value="true" />
    <property name="java.runtime.name" value="Java(TM) SE Runtime Environment" />
    <property name="ant.version" value="Apache Ant(TM) version 1.10.1 compiled on February 2 2017" />
    <property name="sun.java.command" value="org.apache.tools.ant.taskdefs.optional.junit.JUnitTestRunner End_assignment.DoublyLinkedListTest skipNonTests=false filtertrace=true haltOnError=true haltOnFailure=true formatter=org.apache.tools.ant.taskdefs.optional.junit.SummaryJUnitResultFormatter showoutput=false outputtoformatters=true logfailedtests=true threadid=0 logtestlistenerevents=false formatter=org.apache.tools.ant.taskdefs.optional.junit.XMLJUnitResultFormatter,C:\Users\Veldin\Documents\GitHub\AD-RE\End_assignment\target\test-reports\TEST-End_assignment.DoublyLinkedListTest.xml formatter=org.apache.tools.ant.taskdefs.optional.junit.PlainJUnitResultFormatter crashfile=C:\Users\Veldin\Documents\GitHub\AD-RE\End_assignment\junitvmwatcher17516950327924818515.properties propsfile=C:\Users\Veldin\Documents\GitHub\AD-RE\End_assignment\junit4367826777988677605.properties" />
    <property name="java.class.path" value="C:\Users\Veldin\.m2\repository\junit\junit\4.12\junit-4.12.jar;C:\Users\Veldin\.m2\repository\org\hamcrest\hamcrest-core\1.3\hamcrest-core-1.3.jar;C:\Users\Veldin\Documents\GitHub\AD-RE\End_assignment\target\classes;C:\Users\Veldin\Documents\GitHub\AD-RE\End_assignment\target\test-classes;C:\Users\Veldin\.p2\pool\plugins\org.apache.ant_1.10.1.v20170504-0840\lib\ant-launcher.jar;C:\Users\Veldin\.p2\pool\plugins\org.apache.ant_1.10.1.v20170504-0840\lib\ant.jar;C:\Users\Veldin\.p2\pool\plugins\org.apache.ant_1.10.1.v20170504-0840\lib\ant-junit.jar;C:\Users\Veldin\.p2\pool\plugins\org.apache.ant_1.10.1.v20170504-0840\lib\ant-junit4.jar" />
    <property name="project.build.directory" value="target" />
    <property name="jdk.debug" value="release" />
    <property name="java.vm.specification.name" value="Java Virtual Machine Specification" />
    <property name="java.vm.specification.version" value="9" />
    <property name="sun.os.patch.level" value="" />
    <property name="sun.cpu.endian" value="little" />
    <property name="java.io.tmpdir" value="C:\Users\Veldin\AppData\Local\Temp\" />
    <property name="junit.present" value="true" />
    <property name="java.vendor.url.bug" value="http://bugreport.java.com/bugreport/" />
    <property name="ant.file.End_assigment-from-maven" value="C:\Users\Veldin\Documents\GitHub\AD-RE\End_assignment\maven-build.xml" />
    <property name="maven.build.testResourceDir.0" value="src/test/resources" />
    <property name="os.arch" value="amd64" />
    <property name="java.awt.graphicsenv" value="sun.awt.Win32GraphicsEnvironment" />
    <property name="user.dir" value="C:\Users\Veldin\Documents\GitHub\AD-RE\End_assignment" />
    <property name="line.separator" value="&#xd;&#xa;" />
    <property name="java.vm.name" value="Java HotSpot(TM) 64-Bit Server VM" />
    <property name="basedir" value="." />
    <property name="ant.java.version" value="9" />
    <property name="ant.core.lib" value="C:\Users\Veldin\.p2\pool\plugins\org.apache.ant_1.10.1.v20170504-0840\lib\ant.jar" />
    <property name="ant.file.type.End_assigment-from-maven" value="file" />
    <property name="file.encoding" value="Cp1252" />
    <property name="java.specification.version" value="9" />
    <property name="ant.project.invoked-targets" value="package" />
  </properties>
  <testcase classname="End_assignment.DoublyLinkedListTest" name="isNotEmptyTest" time="0.002" />
  <testcase classname="End_assignment.DoublyLinkedListTest" name="addingAllLegoObjects" time="0.115" />
  <testcase classname="End_assignment.DoublyLinkedListTest" name="addingStringsOnIndexCheckingSize" time="0.0" />
  <testcase classname="End_assignment.DoublyLinkedListTest" name="addingAllfromCsvUsingAddAll" time="0.099" />
  <testcase classname="End_assignment.DoublyLinkedListTest" name="addAll" time="0.001" />
  <testcase classname="End_assignment.DoublyLinkedListTest" name="addingAllfromCsvUsingLoop" time="0.053" />
  <testcase classname="End_assignment.DoublyLinkedListTest" name="addingIntsOnIndexCheckingSize" time="0.0" />
  <testcase classname="End_assignment.DoublyLinkedListTest" name="lastIndexOf" time="0.001" />
  <testcase classname="End_assignment.DoublyLinkedListTest" name="isEmptyTest" time="0.0" />
  <testcase classname="End_assignment.DoublyLinkedListTest" name="last" time="0.0" />
  <testcase classname="End_assignment.DoublyLinkedListTest" name="clear" time="0.0" />
  <testcase classname="End_assignment.DoublyLinkedListTest" name="checkSize" time="0.0" />
  <testcase classname="End_assignment.DoublyLinkedListTest" name="addingIntsCheckingSize" time="0.0" />
  <testcase classname="End_assignment.DoublyLinkedListTest" name="addingStringsCheckingSize" time="0.0" />
  <testcase classname="End_assignment.DoublyLinkedListTest" name="indexOf" time="0.0" />
  <testcase classname="End_assignment.DoublyLinkedListTest" name="removeThenCheckSize" time="0.001" />
  <system-out><![CDATA[]]></system-out>
  <system-err><![CDATA[]]></system-err>
</testsuite>
